{"numFailedTestSuites":1,"numFailedTests":1,"numPassedTestSuites":0,"numPassedTests":0,"numPendingTestSuites":0,"numPendingTests":0,"numRuntimeErrorTestSuites":0,"numTodoTests":0,"numTotalTestSuites":1,"numTotalTests":1,"openHandles":[],"snapshot":{"added":0,"didUpdate":false,"failure":false,"filesAdded":0,"filesRemoved":0,"filesRemovedList":[],"filesUnmatched":0,"filesUpdated":0,"matched":0,"total":0,"unchecked":0,"uncheckedKeysByFile":[],"unmatched":0,"updated":0},"startTime":1620304378719,"success":false,"testResults":[{"assertionResults":[{"ancestorTitles":[],"failureMessages":["Error: \u001b[2mexpect(\u001b[22m\u001b[31m[59, -59, 4]\u001b[39m\u001b[2m).\u001b[22mtoHaveLinearSolution\u001b[2m()\u001b[22m\n\tSolution type:\n\tExpected: \u001b[32m\"linear\"\u001b[39m\n\tReceived: \u001b[31m\"none\"\u001b[39m\n    at Object.<anonymous> (C:\\Users\\kduco\\Git\\diophantine\\index.test.js:49:24)\n    at Object.asyncJestTest (C:\\Users\\kduco\\Git\\diophantine\\node_modules\\jest-jasmine2\\build\\jasmineAsyncInstall.js:106:37)\n    at C:\\Users\\kduco\\Git\\diophantine\\node_modules\\jest-jasmine2\\build\\queueRunner.js:45:12\n    at new Promise (<anonymous>)\n    at mapper (C:\\Users\\kduco\\Git\\diophantine\\node_modules\\jest-jasmine2\\build\\queueRunner.js:28:19)\n    at C:\\Users\\kduco\\Git\\diophantine\\node_modules\\jest-jasmine2\\build\\queueRunner.js:75:41"],"fullName":"Example test","location":null,"status":"failed","title":"Example test"}],"endTime":1620304385957,"message":"\u001b[1m\u001b[31m  \u001b[1m● \u001b[22m\u001b[1mExample test\u001b[39m\u001b[22m\n\n    \u001b[2mexpect(\u001b[22m\u001b[31m[59, -59, 4]\u001b[39m\u001b[2m).\u001b[22mtoHaveLinearSolution\u001b[2m()\u001b[22m\n    \tSolution type:\n    \tExpected: \u001b[32m\"linear\"\u001b[39m\n    \tReceived: \u001b[31m\"none\"\u001b[39m\n\u001b[2m\u001b[22m\n\u001b[2m    \u001b[0m \u001b[90m 47 |\u001b[39m\u001b[0m\u001b[22m\n\u001b[2m    \u001b[0m \u001b[90m 48 |\u001b[39m test(\u001b[32m'Example test'\u001b[39m\u001b[33m,\u001b[39m () \u001b[33m=>\u001b[39m {\u001b[0m\u001b[22m\n\u001b[2m    \u001b[0m\u001b[31m\u001b[1m>\u001b[22m\u001b[2m\u001b[39m\u001b[90m 49 |\u001b[39m   expect([\u001b[35m59\u001b[39m\u001b[33m,\u001b[39m \u001b[33m-\u001b[39m\u001b[35m59\u001b[39m\u001b[33m,\u001b[39m \u001b[35m4\u001b[39m])\u001b[33m.\u001b[39mtoHaveLinearSolution()\u001b[0m\u001b[22m\n\u001b[2m    \u001b[0m \u001b[90m    |\u001b[39m                        \u001b[31m\u001b[1m^\u001b[22m\u001b[2m\u001b[39m\u001b[0m\u001b[22m\n\u001b[2m    \u001b[0m \u001b[90m 50 |\u001b[39m })\u001b[0m\u001b[22m\n\u001b[2m    \u001b[0m \u001b[90m 51 |\u001b[39m\u001b[0m\u001b[22m\n\u001b[2m\u001b[22m\n\u001b[2m      \u001b[2mat Object.<anonymous> (\u001b[22m\u001b[2m\u001b[0m\u001b[36mindex.test.js\u001b[39m\u001b[0m\u001b[2m:49:24)\u001b[22m\u001b[2m\u001b[22m\n","name":"C:\\Users\\kduco\\Git\\diophantine\\index.test.js","startTime":1620304383382,"status":"failed","summary":""}],"wasInterrupted":false,"coverageMap":{"C:\\Users\\kduco\\Git\\diophantine\\index.js":{"path":"C:\\Users\\kduco\\Git\\diophantine\\index.js","statementMap":{"0":{"start":{"line":11,"column":17},"end":{"line":74,"column":1}},"1":{"start":{"line":14,"column":24},"end":{"line":14,"column":85}},"2":{"start":{"line":16,"column":15},"end":{"line":16,"column":20}},"3":{"start":{"line":17,"column":2},"end":{"line":17,"column":27}},"4":{"start":{"line":17,"column":12},"end":{"line":17,"column":27}},"5":{"start":{"line":19,"column":16},"end":{"line":19,"column":44}},"6":{"start":{"line":20,"column":3},"end":{"line":20,"column":38}},"7":{"start":{"line":22,"column":16},"end":{"line":22,"column":18}},"8":{"start":{"line":23,"column":12},"end":{"line":23,"column":28}},"9":{"start":{"line":25,"column":2},"end":{"line":25,"column":85}},"10":{"start":{"line":25,"column":26},"end":{"line":25,"column":85}},"11":{"start":{"line":27,"column":2},"end":{"line":27,"column":77}},"12":{"start":{"line":27,"column":25},"end":{"line":27,"column":77}},"13":{"start":{"line":29,"column":2},"end":{"line":34,"column":3}},"14":{"start":{"line":30,"column":14},"end":{"line":30,"column":38}},"15":{"start":{"line":31,"column":12},"end":{"line":31,"column":24}},"16":{"start":{"line":32,"column":4},"end":{"line":32,"column":16}},"17":{"start":{"line":33,"column":4},"end":{"line":33,"column":61}},"18":{"start":{"line":37,"column":3},"end":{"line":37,"column":36}},"19":{"start":{"line":40,"column":12},"end":{"line":40,"column":62}},"20":{"start":{"line":40,"column":34},"end":{"line":40,"column":51}},"21":{"start":{"line":42,"column":12},"end":{"line":42,"column":13}},"22":{"start":{"line":43,"column":12},"end":{"line":43,"column":13}},"23":{"start":{"line":45,"column":2},"end":{"line":47,"column":3}},"24":{"start":{"line":45,"column":15},"end":{"line":45,"column":16}},"25":{"start":{"line":46,"column":5},"end":{"line":46,"column":41}},"26":{"start":{"line":49,"column":15},"end":{"line":49,"column":31}},"27":{"start":{"line":50,"column":17},"end":{"line":50,"column":64}},"28":{"start":{"line":51,"column":11},"end":{"line":51,"column":23}},"29":{"start":{"line":52,"column":11},"end":{"line":52,"column":24}},"30":{"start":{"line":54,"column":2},"end":{"line":54,"column":47}},"31":{"start":{"line":54,"column":12},"end":{"line":54,"column":47}},"32":{"start":{"line":57,"column":12},"end":{"line":57,"column":20}},"33":{"start":{"line":60,"column":12},"end":{"line":60,"column":38}},"34":{"start":{"line":60,"column":32},"end":{"line":60,"column":37}},"35":{"start":{"line":63,"column":12},"end":{"line":63,"column":54}},"36":{"start":{"line":63,"column":30},"end":{"line":63,"column":53}},"37":{"start":{"line":64,"column":15},"end":{"line":64,"column":57}},"38":{"start":{"line":65,"column":12},"end":{"line":65,"column":49}},"39":{"start":{"line":65,"column":30},"end":{"line":65,"column":48}},"40":{"start":{"line":67,"column":2},"end":{"line":73,"column":3}},"41":{"start":{"line":76,"column":12},"end":{"line":83,"column":1}},"42":{"start":{"line":77,"column":2},"end":{"line":77,"column":23}},"43":{"start":{"line":77,"column":15},"end":{"line":77,"column":23}},"44":{"start":{"line":78,"column":2},"end":{"line":78,"column":23}},"45":{"start":{"line":78,"column":15},"end":{"line":78,"column":23}},"46":{"start":{"line":79,"column":12},"end":{"line":79,"column":17}},"47":{"start":{"line":80,"column":2},"end":{"line":80,"column":20}},"48":{"start":{"line":81,"column":2},"end":{"line":81,"column":33}},"49":{"start":{"line":81,"column":15},"end":{"line":81,"column":33}},"50":{"start":{"line":82,"column":2},"end":{"line":82,"column":25}},"51":{"start":{"line":100,"column":21},"end":{"line":111,"column":1}},"52":{"start":{"line":113,"column":0},"end":{"line":113,"column":43}}},"fnMap":{"0":{"name":"(anonymous_0)","decl":{"start":{"line":11,"column":17},"end":{"line":11,"column":18}},"loc":{"start":{"line":11,"column":30},"end":{"line":74,"column":1}},"line":11},"1":{"name":"(anonymous_1)","decl":{"start":{"line":40,"column":22},"end":{"line":40,"column":23}},"loc":{"start":{"line":40,"column":34},"end":{"line":40,"column":51}},"line":40},"2":{"name":"(anonymous_2)","decl":{"start":{"line":60,"column":25},"end":{"line":60,"column":26}},"loc":{"start":{"line":60,"column":32},"end":{"line":60,"column":37}},"line":60},"3":{"name":"(anonymous_3)","decl":{"start":{"line":63,"column":23},"end":{"line":63,"column":24}},"loc":{"start":{"line":63,"column":30},"end":{"line":63,"column":53}},"line":63},"4":{"name":"(anonymous_4)","decl":{"start":{"line":65,"column":23},"end":{"line":65,"column":24}},"loc":{"start":{"line":65,"column":30},"end":{"line":65,"column":48}},"line":65},"5":{"name":"(anonymous_5)","decl":{"start":{"line":76,"column":12},"end":{"line":76,"column":13}},"loc":{"start":{"line":76,"column":34},"end":{"line":83,"column":1}},"line":76}},"branchMap":{"0":{"loc":{"start":{"line":17,"column":2},"end":{"line":17,"column":27}},"type":"if","locations":[{"start":{"line":17,"column":2},"end":{"line":17,"column":27}},{"start":{"line":17,"column":2},"end":{"line":17,"column":27}}],"line":17},"1":{"loc":{"start":{"line":25,"column":2},"end":{"line":25,"column":85}},"type":"if","locations":[{"start":{"line":25,"column":2},"end":{"line":25,"column":85}},{"start":{"line":25,"column":2},"end":{"line":25,"column":85}}],"line":25},"2":{"loc":{"start":{"line":25,"column":6},"end":{"line":25,"column":24}},"type":"binary-expr","locations":[{"start":{"line":25,"column":6},"end":{"line":25,"column":13}},{"start":{"line":25,"column":17},"end":{"line":25,"column":24}}],"line":25},"3":{"loc":{"start":{"line":27,"column":2},"end":{"line":27,"column":77}},"type":"if","locations":[{"start":{"line":27,"column":2},"end":{"line":27,"column":77}},{"start":{"line":27,"column":2},"end":{"line":27,"column":77}}],"line":27},"4":{"loc":{"start":{"line":29,"column":2},"end":{"line":34,"column":3}},"type":"if","locations":[{"start":{"line":29,"column":2},"end":{"line":34,"column":3}},{"start":{"line":29,"column":2},"end":{"line":34,"column":3}}],"line":29},"5":{"loc":{"start":{"line":29,"column":6},"end":{"line":29,"column":24}},"type":"binary-expr","locations":[{"start":{"line":29,"column":6},"end":{"line":29,"column":13}},{"start":{"line":29,"column":17},"end":{"line":29,"column":24}}],"line":29},"6":{"loc":{"start":{"line":54,"column":2},"end":{"line":54,"column":47}},"type":"if","locations":[{"start":{"line":54,"column":2},"end":{"line":54,"column":47}},{"start":{"line":54,"column":2},"end":{"line":54,"column":47}}],"line":54},"7":{"loc":{"start":{"line":76,"column":19},"end":{"line":76,"column":29}},"type":"default-arg","locations":[{"start":{"line":76,"column":27},"end":{"line":76,"column":29}}],"line":76},"8":{"loc":{"start":{"line":77,"column":2},"end":{"line":77,"column":23}},"type":"if","locations":[{"start":{"line":77,"column":2},"end":{"line":77,"column":23}},{"start":{"line":77,"column":2},"end":{"line":77,"column":23}}],"line":77},"9":{"loc":{"start":{"line":78,"column":2},"end":{"line":78,"column":23}},"type":"if","locations":[{"start":{"line":78,"column":2},"end":{"line":78,"column":23}},{"start":{"line":78,"column":2},"end":{"line":78,"column":23}}],"line":78},"10":{"loc":{"start":{"line":81,"column":2},"end":{"line":81,"column":33}},"type":"if","locations":[{"start":{"line":81,"column":2},"end":{"line":81,"column":33}},{"start":{"line":81,"column":2},"end":{"line":81,"column":33}}],"line":81}},"s":{"0":1,"1":1,"2":1,"3":1,"4":0,"5":1,"6":1,"7":1,"8":1,"9":1,"10":0,"11":1,"12":1,"13":0,"14":0,"15":0,"16":0,"17":0,"18":0,"19":0,"20":0,"21":0,"22":0,"23":0,"24":0,"25":0,"26":0,"27":0,"28":0,"29":0,"30":0,"31":0,"32":0,"33":0,"34":0,"35":0,"36":0,"37":0,"38":0,"39":0,"40":0,"41":1,"42":1,"43":0,"44":1,"45":0,"46":1,"47":1,"48":1,"49":1,"50":0,"51":1,"52":1},"f":{"0":1,"1":0,"2":0,"3":0,"4":0,"5":1},"b":{"0":[0,1],"1":[0,1],"2":[1,0],"3":[1,0],"4":[0,0],"5":[0,0],"6":[0,0],"7":[0],"8":[0,1],"9":[0,1],"10":[1,0]},"_coverageSchema":"1a1c01bbd47fc00a2c39e90264f33305004495a9","hash":"6f6db847e1ad533fd14297f2bee3b96f002da2df"}}}